  [1m[35m (247.2ms)[0m  [1m[35mCREATE DATABASE "animetflix_development" ENCODING = 'unicode'[0m
  ↳ bin/rails:9
  [1m[35m (144.3ms)[0m  [1m[35mCREATE DATABASE "animetflix_test" ENCODING = 'unicode'[0m
  ↳ bin/rails:9
Started GET "/" for ::1 at 2019-12-09 11:28:22 -0500

ActiveRecord::PendingMigrationError - Migrations are pending. To resolve this issue, run:

        bin/rails db:migrate RAILS_ENV=development

:

Started POST "/__better_errors/b0fde621a1003fc1/variables" for ::1 at 2019-12-09 11:28:22 -0500
  [1m[35m (18.5ms)[0m  [1m[35mCREATE TABLE "schema_migrations" ("version" character varying NOT NULL PRIMARY KEY)[0m
  ↳ bin/rails:9
  [1m[35m (4.8ms)[0m  [1m[35mCREATE TABLE "ar_internal_metadata" ("key" character varying NOT NULL PRIMARY KEY, "value" character varying, "created_at" timestamp NOT NULL, "updated_at" timestamp NOT NULL)[0m
  ↳ bin/rails:9
  [1m[35m (0.3ms)[0m  [1m[34mSELECT pg_try_advisory_lock(5253545179186647735)[0m
  ↳ bin/rails:9
  [1m[35m (0.8ms)[0m  [1m[34mSELECT "schema_migrations"."version" FROM "schema_migrations" ORDER BY "schema_migrations"."version" ASC[0m
  ↳ bin/rails:9
Migrating to CreateUsers (20191208161035)
  [1m[35m (0.2ms)[0m  [1m[35mBEGIN[0m
  ↳ bin/rails:9
  [1m[35m (7.3ms)[0m  [1m[35mCREATE TABLE "users" ("id" bigserial primary key, "email" character varying NOT NULL, "password_digest" character varying NOT NULL, "session_token" character varying NOT NULL, "created_at" timestamp NOT NULL, "updated_at" timestamp NOT NULL)[0m
  ↳ db/migrate/20191208161035_create_users.rb:3
  [1m[35m (1.4ms)[0m  [1m[35mCREATE  INDEX  "index_users_on_email" ON "users"  ("email")[0m
  ↳ db/migrate/20191208161035_create_users.rb:11
  [1m[35m (1.5ms)[0m  [1m[35mCREATE  INDEX  "index_users_on_session_token" ON "users"  ("session_token")[0m
  ↳ db/migrate/20191208161035_create_users.rb:12
  [1m[36mActiveRecord::SchemaMigration Create (0.8ms)[0m  [1m[32mINSERT INTO "schema_migrations" ("version") VALUES ($1) RETURNING "version"[0m  [["version", "20191208161035"]]
  ↳ bin/rails:9
  [1m[35m (1.1ms)[0m  [1m[35mCOMMIT[0m
  ↳ bin/rails:9
  [1m[36mActiveRecord::InternalMetadata Load (0.5ms)[0m  [1m[34mSELECT  "ar_internal_metadata".* FROM "ar_internal_metadata" WHERE "ar_internal_metadata"."key" = $1 LIMIT $2[0m  [["key", "environment"], ["LIMIT", 1]]
  ↳ bin/rails:9
  [1m[35m (0.2ms)[0m  [1m[35mBEGIN[0m
  ↳ bin/rails:9
  [1m[36mActiveRecord::InternalMetadata Create (1.1ms)[0m  [1m[32mINSERT INTO "ar_internal_metadata" ("key", "value", "created_at", "updated_at") VALUES ($1, $2, $3, $4) RETURNING "key"[0m  [["key", "environment"], ["value", "development"], ["created_at", "2019-12-09 16:29:00.595838"], ["updated_at", "2019-12-09 16:29:00.595838"]]
  ↳ bin/rails:9
  [1m[35m (0.5ms)[0m  [1m[35mCOMMIT[0m
  ↳ bin/rails:9
  [1m[35m (0.5ms)[0m  [1m[34mSELECT pg_advisory_unlock(5253545179186647735)[0m
  ↳ bin/rails:9
  [1m[35m (0.4ms)[0m  [1m[34mSELECT "schema_migrations"."version" FROM "schema_migrations" ORDER BY "schema_migrations"."version" ASC[0m
  ↳ bin/rails:9
  [1m[35m (1.3ms)[0m  [1m[34mSELECT "schema_migrations"."version" FROM "schema_migrations" ORDER BY "schema_migrations"."version" ASC[0m
  ↳ bin/rails:9
  [1m[36mUser Load (1.5ms)[0m  [1m[34mSELECT "users".* FROM "users"[0m
  ↳ db/seeds.rb:10
  [1m[35m (1.3ms)[0m  [1m[34mSELECT "schema_migrations"."version" FROM "schema_migrations" ORDER BY "schema_migrations"."version" ASC[0m
  ↳ bin/rails:9
  [1m[36mUser Load (1.0ms)[0m  [1m[34mSELECT "users".* FROM "users"[0m
  ↳ db/seeds.rb:10
  [1m[35m (0.2ms)[0m  [1m[35mBEGIN[0m
  ↳ db/seeds.rb:14
  [1m[36mUser Create (1.2ms)[0m  [1m[32mINSERT INTO "users" ("email", "password_digest", "session_token", "created_at", "updated_at") VALUES ($1, $2, $3, $4, $5) RETURNING "id"[0m  [["email", "demo@demo.com"], ["password_digest", "$2a$12$GQypHxvSgMvpaQoAhVLI5OKhlvvKUPc4QRdVRGOICsQ54ZJY8XByK"], ["session_token", "mqpOw62ynmosQD7CXR9WyA"], ["created_at", "2019-12-09 16:34:08.427289"], ["updated_at", "2019-12-09 16:34:08.427289"]]
  ↳ db/seeds.rb:14
  [1m[35m (2.3ms)[0m  [1m[35mCOMMIT[0m
  ↳ db/seeds.rb:14
  [1m[36mUser Load (1.1ms)[0m  [1m[34mSELECT "users".* FROM "users"[0m
Started GET "/" for ::1 at 2019-12-09 11:34:42 -0500
  [1m[35m (1.2ms)[0m  [1m[34mSELECT "schema_migrations"."version" FROM "schema_migrations" ORDER BY "schema_migrations"."version" ASC[0m
  ↳ /Users/appacademystudent/.rbenv/versions/2.5.1/lib/ruby/gems/2.5.0/gems/activerecord-5.2.4/lib/active_record/log_subscriber.rb:98
Processing by StaticPagesController#root as HTML
  Rendering static_pages/root.html.erb within layouts/application
  Rendered static_pages/root.html.erb within layouts/application (1.7ms)
Completed 200 OK in 2016ms (Views: 2013.9ms | ActiveRecord: 0.0ms)


Started GET "/" for ::1 at 2019-12-09 11:35:34 -0500
Processing by StaticPagesController#root as HTML
  Rendering static_pages/root.html.erb within layouts/application
  Rendered static_pages/root.html.erb within layouts/application (0.5ms)
Completed 200 OK in 750ms (Views: 746.3ms | ActiveRecord: 0.0ms)


Started GET "/" for ::1 at 2019-12-09 11:36:18 -0500
Processing by StaticPagesController#root as HTML
  Rendering static_pages/root.html.erb within layouts/application
  Rendered static_pages/root.html.erb within layouts/application (0.4ms)
Completed 200 OK in 727ms (Views: 724.6ms | ActiveRecord: 0.0ms)


Started GET "/" for ::1 at 2019-12-09 11:37:06 -0500
Processing by StaticPagesController#root as HTML
  Rendering static_pages/root.html.erb within layouts/application
  Rendered static_pages/root.html.erb within layouts/application (0.4ms)
Completed 200 OK in 909ms (Views: 905.5ms | ActiveRecord: 0.0ms)


Started POST "/api/session" for ::1 at 2019-12-09 11:38:46 -0500
Processing by Api::SessionsController#create as JSON
Can't verify CSRF token authenticity.
Completed 422 Unprocessable Entity in 1ms (ActiveRecord: 0.0ms)



ActionController::InvalidAuthenticityToken - ActionController::InvalidAuthenticityToken:

Started GET "/" for ::1 at 2019-12-09 11:43:38 -0500
Processing by StaticPagesController#root as HTML
  Rendering static_pages/root.html.erb within layouts/application
  Rendered static_pages/root.html.erb within layouts/application (0.4ms)
Completed 200 OK in 749ms (Views: 746.8ms | ActiveRecord: 0.0ms)


Started POST "/api/session" for ::1 at 2019-12-09 11:43:43 -0500
Processing by Api::SessionsController#create as JSON
  Parameters: {"user"=>{"email"=>"demo@demo.com", "password"=>"[FILTERED]"}}
Can't verify CSRF token authenticity.
Completed 422 Unprocessable Entity in 1ms (ActiveRecord: 0.0ms)



ActionController::InvalidAuthenticityToken - ActionController::InvalidAuthenticityToken:

Started GET "/" for ::1 at 2019-12-09 11:44:14 -0500
  [1m[35m (1.9ms)[0m  [1m[34mSELECT "schema_migrations"."version" FROM "schema_migrations" ORDER BY "schema_migrations"."version" ASC[0m
  ↳ /Users/appacademystudent/.rbenv/versions/2.5.1/lib/ruby/gems/2.5.0/gems/activerecord-5.2.4/lib/active_record/log_subscriber.rb:98
Processing by StaticPagesController#root as HTML
  Rendering static_pages/root.html.erb within layouts/application
  Rendered static_pages/root.html.erb within layouts/application (1.6ms)
Completed 200 OK in 1727ms (Views: 1723.5ms | ActiveRecord: 0.0ms)


Started POST "/api/session" for ::1 at 2019-12-09 11:44:23 -0500
Processing by Api::SessionsController#create as JSON
  Parameters: {"user"=>{"email"=>"demo@demo.com", "password"=>"[FILTERED]"}}
Can't verify CSRF token authenticity.
Completed 422 Unprocessable Entity in 1ms (ActiveRecord: 0.0ms)



ActionController::InvalidAuthenticityToken - ActionController::InvalidAuthenticityToken:

Started GET "/" for ::1 at 2019-12-09 11:45:44 -0500
Processing by StaticPagesController#root as HTML
  Rendering static_pages/root.html.erb within layouts/application
  Rendered static_pages/root.html.erb within layouts/application (0.4ms)
Completed 200 OK in 791ms (Views: 788.6ms | ActiveRecord: 0.0ms)


Started POST "/api/session" for ::1 at 2019-12-09 11:45:52 -0500
Processing by Api::SessionsController#create as JSON
  Parameters: {"user"=>{"email"=>"demo@demo.com", "password"=>"[FILTERED]"}}
Can't verify CSRF token authenticity.
Completed 422 Unprocessable Entity in 1ms (ActiveRecord: 0.0ms)



ActionController::InvalidAuthenticityToken - ActionController::InvalidAuthenticityToken:

Started GET "/" for ::1 at 2019-12-09 11:46:11 -0500
Processing by StaticPagesController#root as HTML
  Rendering static_pages/root.html.erb within layouts/application
  Rendered static_pages/root.html.erb within layouts/application (1.6ms)
Completed 200 OK in 45ms (Views: 43.0ms | ActiveRecord: 0.0ms)


Started POST "/api/session" for ::1 at 2019-12-09 11:46:15 -0500
Processing by Api::SessionsController#create as JSON
  Parameters: {"user"=>{"email"=>"demo@demo.com", "password"=>"[FILTERED]"}}
Can't verify CSRF token authenticity.
Completed 422 Unprocessable Entity in 2ms (ActiveRecord: 0.0ms)



ActionController::InvalidAuthenticityToken - ActionController::InvalidAuthenticityToken:

Started GET "/" for ::1 at 2019-12-09 11:50:18 -0500
Processing by StaticPagesController#root as HTML
  Rendering static_pages/root.html.erb within layouts/application
  Rendered static_pages/root.html.erb within layouts/application (1.2ms)
Completed 200 OK in 845ms (Views: 840.2ms | ActiveRecord: 0.0ms)


Started POST "/api/session" for ::1 at 2019-12-09 11:51:44 -0500
Processing by Api::SessionsController#create as JSON
  Parameters: {"user"=>{"email"=>"demo@demo.com", "password"=>"[FILTERED]"}}
Can't verify CSRF token authenticity.
Completed 422 Unprocessable Entity in 1ms (ActiveRecord: 0.0ms)



ActionController::InvalidAuthenticityToken - ActionController::InvalidAuthenticityToken:

Started GET "/" for ::1 at 2019-12-09 11:51:46 -0500
Processing by StaticPagesController#root as HTML
  Rendering static_pages/root.html.erb within layouts/application
  Rendered static_pages/root.html.erb within layouts/application (0.4ms)
Completed 200 OK in 35ms (Views: 32.8ms | ActiveRecord: 0.0ms)


Started POST "/api/session" for ::1 at 2019-12-09 11:52:15 -0500
Processing by Api::SessionsController#create as JSON
  Parameters: {"user"=>{"email"=>"demo@demo.com", "password"=>"[FILTERED]"}}
Can't verify CSRF token authenticity.
Completed 422 Unprocessable Entity in 1ms (ActiveRecord: 0.0ms)



ActionController::InvalidAuthenticityToken - ActionController::InvalidAuthenticityToken:

Started GET "/" for ::1 at 2019-12-09 11:52:19 -0500
Processing by StaticPagesController#root as HTML
  Rendering static_pages/root.html.erb within layouts/application
  Rendered static_pages/root.html.erb within layouts/application (0.5ms)
Completed 200 OK in 32ms (Views: 29.7ms | ActiveRecord: 0.0ms)


Started POST "/api/session" for ::1 at 2019-12-09 11:54:46 -0500
Processing by Api::SessionsController#create as JSON
  Parameters: {"user"=>{"email"=>"demo@demo.com", "password"=>"[FILTERED]"}}
Can't verify CSRF token authenticity.
Completed 422 Unprocessable Entity in 2ms (ActiveRecord: 0.0ms)



ActionController::InvalidAuthenticityToken - ActionController::InvalidAuthenticityToken:

Started GET "/" for ::1 at 2019-12-09 11:59:21 -0500
Processing by StaticPagesController#root as HTML
  Rendering static_pages/root.html.erb within layouts/application
  Rendered static_pages/root.html.erb within layouts/application (0.4ms)
Completed 200 OK in 756ms (Views: 753.1ms | ActiveRecord: 0.0ms)


Started POST "/api/session" for ::1 at 2019-12-09 11:59:39 -0500
Processing by Api::SessionsController#create as JSON
  Parameters: {"user"=>{"email"=>"demo@demo.com", "password"=>"[FILTERED]"}}
Can't verify CSRF token authenticity.
Completed 422 Unprocessable Entity in 1ms (ActiveRecord: 0.0ms)



ActionController::InvalidAuthenticityToken - ActionController::InvalidAuthenticityToken:

Started POST "/api/users" for ::1 at 2019-12-09 12:03:27 -0500
Processing by Api::UsersController#create as JSON
  Parameters: {"user"=>{"email"=>"who@demo.com", "password"=>"[FILTERED]"}}
Can't verify CSRF token authenticity.
Completed 422 Unprocessable Entity in 3ms (ActiveRecord: 0.0ms)



ActionController::InvalidAuthenticityToken - ActionController::InvalidAuthenticityToken:

Started GET "/" for ::1 at 2019-12-09 12:09:42 -0500
Processing by StaticPagesController#root as HTML
  Rendering static_pages/root.html.erb within layouts/application
  Rendered static_pages/root.html.erb within layouts/application (0.6ms)
Completed 200 OK in 479ms (Views: 476.5ms | ActiveRecord: 0.0ms)


Started POST "/api/users" for ::1 at 2019-12-09 12:10:02 -0500
Processing by Api::UsersController#create as JSON
  Parameters: {"user"=>{"email"=>"who@demo.com", "password"=>"[FILTERED]"}}
Can't verify CSRF token authenticity.
Completed 422 Unprocessable Entity in 1ms (ActiveRecord: 0.0ms)



ActionController::InvalidAuthenticityToken - ActionController::InvalidAuthenticityToken:

Started GET "/" for ::1 at 2019-12-09 12:11:07 -0500
Processing by StaticPagesController#root as HTML
  Rendering static_pages/root.html.erb within layouts/application
  Rendered static_pages/root.html.erb within layouts/application (0.7ms)
Completed 200 OK in 40ms (Views: 38.4ms | ActiveRecord: 0.0ms)


Started POST "/api/users" for ::1 at 2019-12-09 12:11:12 -0500
Processing by Api::UsersController#create as JSON
  Parameters: {"user"=>{"email"=>"who@demo.com", "password"=>"[FILTERED]"}}
  [1m[35m (0.3ms)[0m  [1m[35mBEGIN[0m
  ↳ app/controllers/api/users_controller.rb:8
  [1m[36mUser Create (1.4ms)[0m  [1m[32mINSERT INTO "users" ("email", "password_digest", "session_token", "created_at", "updated_at") VALUES ($1, $2, $3, $4, $5) RETURNING "id"[0m  [["email", "who@demo.com"], ["password_digest", "$2a$12$EgBY7oHroZRY8Ssi4MGd7.CIY9YV5ZKqw4p9qr4dwHlVyKYQIIXuG"], ["session_token", "Lhj0zbSNm1VhCzWGa7grkA"], ["created_at", "2019-12-09 17:11:12.606393"], ["updated_at", "2019-12-09 17:11:12.606393"]]
  ↳ app/controllers/api/users_controller.rb:8
  [1m[35m (3.2ms)[0m  [1m[35mCOMMIT[0m
  ↳ app/controllers/api/users_controller.rb:8
  Rendering api/users/show.json.jbuilder
  Rendered api/users/_user.json.jbuilder (0.3ms)
  Rendered api/users/show.json.jbuilder (1.8ms)
Completed 200 OK in 340ms (Views: 9.4ms | ActiveRecord: 24.6ms)


Started GET "/" for ::1 at 2019-12-09 12:41:06 -0500
Processing by StaticPagesController#root as HTML
  Rendering static_pages/root.html.erb within layouts/application
  Rendered static_pages/root.html.erb within layouts/application (0.4ms)
Completed 200 OK in 920ms (Views: 917.4ms | ActiveRecord: 0.0ms)


Started POST "/api/session" for ::1 at 2019-12-09 12:41:21 -0500
Processing by Api::SessionsController#create as JSON
  Parameters: {"user"=>{"email"=>"who@demo.com", "password"=>"[FILTERED]"}}
  [1m[36mUser Load (0.9ms)[0m  [1m[34mSELECT  "users".* FROM "users" WHERE "users"."email" = $1 LIMIT $2[0m  [["email", "who@demo.com"], ["LIMIT", 1]]
  ↳ app/models/user.rb:9
  Rendering api/users/show.json.jbuilder
  Rendered api/users/show.json.jbuilder (10.3ms)
Completed 500 Internal Server Error in 355ms (ActiveRecord: 16.7ms)



ActionView::MissingTemplate - Missing partial api/sessions/_user, application/_user with {:locale=>[:en], :formats=>[:json], :variants=>[], :handlers=>[:jbuilder]}. Searched in:
  * "/Users/appacademystudent/Desktop/FullStack_Project/animetflix/app/views"
:
  app/views/api/users/show.json.jbuilder:2:in `block in _app_views_api_users_show_json_jbuilder___1558763015043580336_70125479699980'
  app/views/api/users/show.json.jbuilder:1:in `_app_views_api_users_show_json_jbuilder___1558763015043580336_70125479699980'
  app/controllers/api/sessions_controller.rb:10:in `create'

Started GET "/" for ::1 at 2019-12-09 12:42:49 -0500
Processing by StaticPagesController#root as HTML
  Rendering static_pages/root.html.erb within layouts/application
  Rendered static_pages/root.html.erb within layouts/application (0.4ms)
Completed 200 OK in 55ms (Views: 46.8ms | ActiveRecord: 0.0ms)


Started POST "/api/session" for ::1 at 2019-12-09 12:42:53 -0500
Processing by Api::SessionsController#create as JSON
  Parameters: {"user"=>{"email"=>"who@demo.com", "password"=>"[FILTERED]"}}
  [1m[36mUser Load (5.0ms)[0m  [1m[34mSELECT  "users".* FROM "users" WHERE "users"."email" = $1 LIMIT $2[0m  [["email", "who@demo.com"], ["LIMIT", 1]]
  ↳ app/models/user.rb:9
  Rendering api/users/show.json.jbuilder
  Rendered api/users/_user.json.jbuilder (0.3ms)
  Rendered api/users/show.json.jbuilder (1.6ms)
Completed 200 OK in 309ms (Views: 8.4ms | ActiveRecord: 5.0ms)


Started GET "/" for ::1 at 2019-12-09 12:52:54 -0500
Processing by StaticPagesController#root as HTML
  Rendering static_pages/root.html.erb within layouts/application
  Rendered static_pages/root.html.erb within layouts/application (0.4ms)
Completed 200 OK in 836ms (Views: 831.8ms | ActiveRecord: 0.0ms)


Started GET "/" for ::1 at 2019-12-09 12:54:40 -0500
Processing by StaticPagesController#root as HTML
  Rendering static_pages/root.html.erb within layouts/application
  Rendered static_pages/root.html.erb within layouts/application (0.7ms)
Completed 200 OK in 893ms (Views: 889.2ms | ActiveRecord: 0.0ms)


Started GET "/" for ::1 at 2019-12-09 12:55:12 -0500
Processing by StaticPagesController#root as HTML
  Rendering static_pages/root.html.erb within layouts/application
  Rendered static_pages/root.html.erb within layouts/application (0.5ms)
Completed 200 OK in 903ms (Views: 898.4ms | ActiveRecord: 0.0ms)


